{"logTime": "0728/103024", "correlationVector":"8M3D3y+OeplY2ATWIzoa5b.1","action":"SyncServerConnectionManagerRequest", "result":"SYNC_SERVER_OK", "context":{"environment":"Prod_SoutheastAsia_000j", "migrationStage":"NotStarted", "server":"general03000008"}}
{"logTime": "0728/103025", "correlationVector":"qzRubfO7xnROzkscaNMPCw","action":"SyncServerConnectionManagerRequest", "result":"SYNC_SERVER_OK", "context":{"environment":"", "migrationStage":"", "server":""}}
{"logTime": "0728/103025", "correlationVector":"8M3D3y+OeplY2ATWIzoa5b","action":"Initial GetUpdates", "result":"", "context":Reason: NEW_CLIENT. cV=8M3D3y+OeplY2ATWIzoa5b}
{"logTime": "0728/103025", "correlationVector":"8M3D3y+OeplY2ATWIzoa5b.2","action":"GetUpdates Response", "result":"Success", "context":Received 1 update(s). cV=8M3D3y+OeplY2ATWIzoa5b.0;server=general03000008;cloudType=Consumer;environment=Prod_SoutheastAsia_000j;migrationStage=NotStarted}
{"logTime": "0728/103025", "correlationVector":"8u6IlVZ+4lFtV2Frv94uCC","action":"Initial GetUpdates", "result":"", "context":Reason: NEWLY_SUPPORTED_DATATYPE. cV=8u6IlVZ+4lFtV2Frv94uCC}
{"logTime": "0728/103026", "correlationVector":"8u6IlVZ+4lFtV2Frv94uCC.1","action":"SyncServerConnectionManagerRequest", "result":"SYNC_SERVER_OK", "context":{"environment":"Prod_SoutheastAsia_000j", "migrationStage":"NotStarted", "server":"general0100001H"}}
{"logTime": "0728/103026", "correlationVector":"8u6IlVZ+4lFtV2Frv94uCC.2","action":"GetUpdates", "result":"DeleteReceived", "context":{"id":"1ab0c545-06a7-45f4-add2-4ff471e24e0d", "isDeleted:":"true", "version":"1691389615967"}}
{"logTime": "0728/103026", "correlationVector":"8u6IlVZ+4lFtV2Frv94uCC.3","action":"GetUpdates", "result":"DeleteReceived", "context":{"id":"658a7407-1a47-4840-83f7-ef93e018f6d8", "isDeleted:":"true", "version":"1691389754016"}}
{"logTime": "0728/103026", "correlationVector":"8u6IlVZ+4lFtV2Frv94uCC.4","action":"GetUpdates", "result":"DeleteReceived", "context":{"id":"dfff077c-cbda-4a06-843d-614da51662d2", "isDeleted:":"true", "version":"1691389760156"}}
{"logTime": "0728/103026", "correlationVector":"8u6IlVZ+4lFtV2Frv94uCC.5","action":"GetUpdates", "result":"DeleteReceived", "context":{"id":"8c225c48-0808-442b-9f84-f4c2d74fce6f", "isDeleted:":"true", "version":"1691389761307"}}
{"logTime": "0728/103026", "correlationVector":"8u6IlVZ+4lFtV2Frv94uCC.6","action":"GetUpdates", "result":"DeleteReceived", "context":{"id":"0647b238-2b03-4649-8e47-55344c077382", "isDeleted:":"true", "version":"1691389762463"}}
{"logTime": "0728/103026", "correlationVector":"8u6IlVZ+4lFtV2Frv94uCC.7","action":"GetUpdates", "result":"DeleteReceived", "context":{"id":"d7d99efe-1ead-4a74-b4e1-8a6f85795f61", "isDeleted:":"true", "version":"1691389762464"}}
{"logTime": "0728/103026", "correlationVector":"8u6IlVZ+4lFtV2Frv94uCC.8","action":"GetUpdates", "result":"DeleteReceived", "context":{"id":"cf7145a2-93a6-41b7-8e9b-81c2ba3150f7", "isDeleted:":"true", "version":"1691389762465"}}
{"logTime": "0728/103026", "correlationVector":"8u6IlVZ+4lFtV2Frv94uCC.9","action":"GetUpdates", "result":"DeleteReceived", "context":{"id":"024cb45c-2bcc-45e6-a4fb-6f470ffb2765", "isDeleted:":"true", "version":"1691389763688"}}
{"logTime": "0728/103026", "correlationVector":"8u6IlVZ+4lFtV2Frv94uCC.10","action":"GetUpdates", "result":"DeleteReceived", "context":{"id":"c0942c84-bba8-4055-abec-91dafba83a4b", "isDeleted:":"true", "version":"1691389764819"}}
{"logTime": "0728/103026", "correlationVector":"8u6IlVZ+4lFtV2Frv94uCC.11","action":"GetUpdates", "result":"DeleteReceived", "context":{"id":"a2afb0ca-4574-45c3-a740-25d2d3c17782", "isDeleted:":"true", "version":"1695203545647"}}
{"logTime": "0728/103026", "correlationVector":"8u6IlVZ+4lFtV2Frv94uCC.12","action":"GetUpdates Response", "result":"Success", "context":Received 250 update(s). cV=8u6IlVZ+4lFtV2Frv94uCC.0;server=general0100001H;cloudType=Consumer;environment=Prod_SoutheastAsia_000j;migrationStage=NotStarted Some updates remain.}
{"logTime": "0728/103026", "correlationVector":"Zbd704sxJ42W9b21l1Hfgm","action":"Initial GetUpdates", "result":"", "context":Reason: NEWLY_SUPPORTED_DATATYPE. cV=Zbd704sxJ42W9b21l1Hfgm}
{"logTime": "0728/103027", "correlationVector":"Zbd704sxJ42W9b21l1Hfgm.1","action":"SyncServerConnectionManagerRequest", "result":"SYNC_SERVER_OK", "context":{"environment":"Prod_SoutheastAsia_000j", "migrationStage":"NotStarted", "server":"general0300001D"}}
{"logTime": "0728/103027", "correlationVector":"Zbd704sxJ42W9b21l1Hfgm.2","action":"GetUpdates", "result":"DeleteReceived", "context":{"id":"4200718a-b527-4e6b-93ee-74a8cf30a6cb", "isDeleted:":"true", "version":"1718557739233"}}
{"logTime": "0728/103027", "correlationVector":"Zbd704sxJ42W9b21l1Hfgm.3","action":"GetUpdates", "result":"DeleteReceived", "context":{"id":"9315a925-0375-4a53-a58f-1552a80b38bf", "isDeleted:":"true", "version":"1718557739234"}}
{"logTime": "0728/103027", "correlationVector":"Zbd704sxJ42W9b21l1Hfgm.4","action":"GetUpdates Response", "result":"Success", "context":Received 216 update(s). cV=Zbd704sxJ42W9b21l1Hfgm.0;server=general0300001D;cloudType=Consumer;environment=Prod_SoutheastAsia_000j;migrationStage=NotStarted}
{"logTime": "0728/103028", "correlationVector":"gYa9IdYg/h2oaRYNmW9B3R","action":"Initial GetUpdates", "result":"", "context":Reason: NEWLY_SUPPORTED_DATATYPE. cV=gYa9IdYg/h2oaRYNmW9B3R}
{"logTime": "0728/103029", "correlationVector":"gYa9IdYg/h2oaRYNmW9B3R.1","action":"SyncServerConnectionManagerRequest", "result":"SYNC_SERVER_OK", "context":{"environment":"Prod_SoutheastAsia_000j", "migrationStage":"NotStarted", "server":"general0300000Z"}}
{"logTime": "0728/103029", "correlationVector":"gYa9IdYg/h2oaRYNmW9B3R.2","action":"GetUpdates Response", "result":"Success", "context":Received 250 update(s). cV=gYa9IdYg/h2oaRYNmW9B3R.0;server=general0300000Z;cloudType=Consumer;environment=Prod_SoutheastAsia_000j;migrationStage=NotStarted Some updates remain.}
{"logTime": "0728/103029", "correlationVector":"LvNUaJ4n4V70gUDTsorXFP","action":"Initial GetUpdates", "result":"", "context":Reason: NEWLY_SUPPORTED_DATATYPE. cV=LvNUaJ4n4V70gUDTsorXFP}
{"logTime": "0728/103031", "correlationVector":"LvNUaJ4n4V70gUDTsorXFP.1","action":"SyncServerConnectionManagerRequest", "result":"SYNC_SERVER_OK", "context":{"environment":"Prod_SoutheastAsia_000j", "migrationStage":"NotStarted", "server":"general03000014"}}
{"logTime": "0728/103031", "correlationVector":"LvNUaJ4n4V70gUDTsorXFP.2","action":"GetUpdates Response", "result":"Success", "context":Received 250 update(s). cV=LvNUaJ4n4V70gUDTsorXFP.0;server=general03000014;cloudType=Consumer;environment=Prod_SoutheastAsia_000j;migrationStage=NotStarted Some updates remain.}
{"logTime": "0728/103031", "correlationVector":"KHSCWB5NzA7C4cEfIadp9K","action":"Initial GetUpdates", "result":"", "context":Reason: NEWLY_SUPPORTED_DATATYPE. cV=KHSCWB5NzA7C4cEfIadp9K}
{"logTime": "0728/103031", "correlationVector":"KHSCWB5NzA7C4cEfIadp9K.1","action":"SyncServerConnectionManagerRequest", "result":"SYNC_SERVER_OK", "context":{"environment":"Prod_SoutheastAsia_000j", "migrationStage":"NotStarted", "server":"general0300001D"}}
{"logTime": "0728/103031", "correlationVector":"KHSCWB5NzA7C4cEfIadp9K.2","action":"GetUpdates Response", "result":"Success", "context":Received 88 update(s). cV=KHSCWB5NzA7C4cEfIadp9K.0;server=general0300001D;cloudType=Consumer;environment=Prod_SoutheastAsia_000j;migrationStage=NotStarted}
{"logTime": "0728/103032", "correlationVector":"sUMVP2/9EMKFRm8+Cm9jAG","action":"Initial GetUpdates", "result":"", "context":Reason: NEWLY_SUPPORTED_DATATYPE. cV=sUMVP2/9EMKFRm8+Cm9jAG}
{"logTime": "0728/103032", "correlationVector":"sUMVP2/9EMKFRm8+Cm9jAG.1","action":"SyncServerConnectionManagerRequest", "result":"SYNC_SERVER_OK", "context":{"environment":"Prod_SoutheastAsia_000j", "migrationStage":"NotStarted", "server":"general01000010"}}
{"logTime": "0728/103032", "correlationVector":"sUMVP2/9EMKFRm8+Cm9jAG.2","action":"GetUpdates Response", "result":"Success", "context":Received 75 update(s). cV=sUMVP2/9EMKFRm8+Cm9jAG.0;server=general01000010;cloudType=Consumer;environment=Prod_SoutheastAsia_000j;migrationStage=NotStarted}
{"logTime": "0728/103032", "correlationVector":"S0aTzP3ia4xH2Q3p+9akeH","action":"Normal GetUpdate request", "result":"", "context":cV=S0aTzP3ia4xH2Q3p+9akeH
Nudged types: Device Info, User Consents
Refresh requested types: Bookmarks, Preferences, Passwords, Autofill Profiles, Autofill, Extensions, Extension settings, Device Info, User Consents, Send Tab To Self, Web Apps, Collection, Edge E Drop, Edge Hub App Usage, Edge Wallet, Encryption Keys}
{"logTime": "0728/103033", "correlationVector":"S0aTzP3ia4xH2Q3p+9akeH.1","action":"SyncServerConnectionManagerRequest", "result":"SYNC_SERVER_OK", "context":{"environment":"Prod_SoutheastAsia_000j", "migrationStage":"NotStarted", "server":"general0300001A"}}
{"logTime": "0728/103033", "correlationVector":"S0aTzP3ia4xH2Q3p+9akeH.2","action":"GetUpdates Response", "result":"Success", "context":Received 0 update(s). cV=S0aTzP3ia4xH2Q3p+9akeH.0;server=general0300001A;cloudType=Consumer;environment=Prod_SoutheastAsia_000j;migrationStage=NotStarted}
{"logTime": "0728/103033", "correlationVector":"gz4+HL0fIbQzTeWWPRMj3j","action":"Commit Request", "result":"", "context":Item count: 2
Contributing types: Device Info, User Consents}
{"logTime": "0728/103033", "correlationVector":"gz4+HL0fIbQzTeWWPRMj3j.1","action":"SyncServerConnectionManagerRequest", "result":"SYNC_SERVER_OK", "context":{"environment":"Prod_SoutheastAsia_000j", "migrationStage":"NotStarted", "server":"general0300000J"}}
{"logTime": "0728/103033", "correlationVector":"gz4+HL0fIbQzTeWWPRMj3j.2","action":"Commit Response", "result":"Success", "context":Result: Success. cV=gz4+HL0fIbQzTeWWPRMj3j.0;server=general0300000J;cloudType=Consumer;environment=Prod_SoutheastAsia_000j;migrationStage=NotStarted}
{"logTime": "0728/103034", "correlationVector":"qI1fGbWYXhtbfpr8PS1C0s","action":"Normal GetUpdate request", "result":"", "context":cV=qI1fGbWYXhtbfpr8PS1C0s
Nudged types: Device Info, Edge Hub App Usage}
{"logTime": "0728/103034", "correlationVector":"qI1fGbWYXhtbfpr8PS1C0s.1","action":"SyncServerConnectionManagerRequest", "result":"SYNC_SERVER_OK", "context":{"environment":"Prod_SoutheastAsia_000j", "migrationStage":"NotStarted", "server":"general03000015"}}
{"logTime": "0728/103034", "correlationVector":"qI1fGbWYXhtbfpr8PS1C0s.2","action":"GetUpdates Response", "result":"Success", "context":Received 1 update(s). cV=qI1fGbWYXhtbfpr8PS1C0s.0;server=general03000015;cloudType=Consumer;environment=Prod_SoutheastAsia_000j;migrationStage=NotStarted}
{"logTime": "0728/103034", "correlationVector":"btAMKyfx6E99TuGDpiv+vq","action":"Commit Request", "result":"", "context":Item count: 3
Contributing types: Edge Hub App Usage}
{"logTime": "0728/103035", "correlationVector":"btAMKyfx6E99TuGDpiv+vq.1","action":"SyncServerConnectionManagerRequest", "result":"SYNC_SERVER_OK", "context":{"environment":"Prod_SoutheastAsia_000j", "migrationStage":"NotStarted", "server":"general03000006"}}
{"logTime": "0728/103035", "correlationVector":"btAMKyfx6E99TuGDpiv+vq.2","action":"Commit Response", "result":"Success", "context":Result: Success. cV=btAMKyfx6E99TuGDpiv+vq.0;server=general03000006;cloudType=Consumer;environment=Prod_SoutheastAsia_000j;migrationStage=NotStarted}
{"logTime": "0728/103035", "correlationVector":"sFhyeH5PW+xxlap5eLKLW/","action":"Normal GetUpdate request", "result":"", "context":cV=sFhyeH5PW+xxlap5eLKLW/
Nudged types: Web Apps, Edge Hub App Usage}
{"logTime": "0728/103035", "correlationVector":"sFhyeH5PW+xxlap5eLKLW/.1","action":"SyncServerConnectionManagerRequest", "result":"SYNC_SERVER_OK", "context":{"environment":"Prod_SoutheastAsia_000j", "migrationStage":"NotStarted", "server":"general0300001R"}}
{"logTime": "0728/103035", "correlationVector":"sFhyeH5PW+xxlap5eLKLW/.2","action":"GetUpdates Response", "result":"Success", "context":Received 3 update(s). cV=sFhyeH5PW+xxlap5eLKLW/.0;server=general0300001R;cloudType=Consumer;environment=Prod_SoutheastAsia_000j;migrationStage=NotStarted}
{"logTime": "0728/103035", "correlationVector":"Krp9TYXThv/5h1QTUwCK+x","action":"Commit Request", "result":"", "context":Item count: 4
Contributing types: Web Apps, Edge Hub App Usage}
{"logTime": "0728/103036", "correlationVector":"Krp9TYXThv/5h1QTUwCK+x.1","action":"SyncServerConnectionManagerRequest", "result":"SYNC_SERVER_OK", "context":{"environment":"Prod_SoutheastAsia_000j", "migrationStage":"NotStarted", "server":"general03000004"}}
{"logTime": "0728/103036", "correlationVector":"Krp9TYXThv/5h1QTUwCK+x.2","action":"Commit Response", "result":"Success", "context":Result: Success. cV=Krp9TYXThv/5h1QTUwCK+x.0;server=general03000004;cloudType=Consumer;environment=Prod_SoutheastAsia_000j;migrationStage=NotStarted}
{"logTime": "0728/103036", "correlationVector":"lPH9auYF6QLB5+qdZk2hA6","action":"Normal GetUpdate request", "result":"", "context":cV=lPH9auYF6QLB5+qdZk2hA6
Nudged types: Web Apps, Edge Hub App Usage}
{"logTime": "0728/103037", "correlationVector":"lPH9auYF6QLB5+qdZk2hA6.1","action":"SyncServerConnectionManagerRequest", "result":"SYNC_SERVER_OK", "context":{"environment":"Prod_SoutheastAsia_000j", "migrationStage":"NotStarted", "server":"general0100000X"}}
{"logTime": "0728/103037", "correlationVector":"lPH9auYF6QLB5+qdZk2hA6.2","action":"GetUpdates Response", "result":"Success", "context":Received 4 update(s). cV=lPH9auYF6QLB5+qdZk2hA6.0;server=general0100000X;cloudType=Consumer;environment=Prod_SoutheastAsia_000j;migrationStage=NotStarted}
{"logTime": "0728/103037", "correlationVector":"IWrUz2gPe2yT8Wt0+Trn1R","action":"Commit Request", "result":"", "context":Item count: 1
Contributing types: Edge Hub App Usage}
{"logTime": "0728/103037", "correlationVector":"IWrUz2gPe2yT8Wt0+Trn1R.1","action":"SyncServerConnectionManagerRequest", "result":"SYNC_SERVER_OK", "context":{"environment":"Prod_SoutheastAsia_000j", "migrationStage":"NotStarted", "server":"general0100001H"}}
{"logTime": "0728/103037", "correlationVector":"IWrUz2gPe2yT8Wt0+Trn1R.2","action":"Commit Response", "result":"Success", "context":Result: Success. cV=IWrUz2gPe2yT8Wt0+Trn1R.0;server=general0100001H;cloudType=Consumer;environment=Prod_SoutheastAsia_000j;migrationStage=NotStarted}
{"logTime": "0728/103233", "correlationVector":"IBB0+TSKq1eVEiS8l85Zr9.1","action":"SyncServerConnectionManagerRequest", "result":"SYNC_SERVER_OK", "context":{"environment":"Prod_SoutheastAsia_000j", "migrationStage":"NotStarted", "server":"general03000021"}}
{"logTime": "0728/103234", "correlationVector":"P0YjOQa7n5vFWW23apq2HP","action":"SyncServerConnectionManagerRequest", "result":"SYNC_SERVER_OK", "context":{"environment":"", "migrationStage":"", "server":""}}
{"logTime": "0728/103234", "correlationVector":"IBB0+TSKq1eVEiS8l85Zr9","action":"Initial GetUpdates", "result":"", "context":Reason: NEW_CLIENT. cV=IBB0+TSKq1eVEiS8l85Zr9}
{"logTime": "0728/103234", "correlationVector":"IBB0+TSKq1eVEiS8l85Zr9.2","action":"GetUpdates Response", "result":"Success", "context":Received 1 update(s). cV=IBB0+TSKq1eVEiS8l85Zr9.0;server=general03000021;cloudType=Consumer;environment=Prod_SoutheastAsia_000j;migrationStage=NotStarted}
{"logTime": "0728/103234", "correlationVector":"OLZQIk01ekgehNjVKRN81d","action":"Initial GetUpdates", "result":"", "context":Reason: NEWLY_SUPPORTED_DATATYPE. cV=OLZQIk01ekgehNjVKRN81d}
{"logTime": "0728/103235", "correlationVector":"OLZQIk01ekgehNjVKRN81d.1","action":"SyncServerConnectionManagerRequest", "result":"SYNC_SERVER_OK", "context":{"environment":"Prod_SoutheastAsia_000j", "migrationStage":"NotStarted", "server":"general0100000I"}}
{"logTime": "0728/103235", "correlationVector":"OLZQIk01ekgehNjVKRN81d.2","action":"GetUpdates", "result":"DeleteReceived", "context":{"id":"1ab0c545-06a7-45f4-add2-4ff471e24e0d", "isDeleted:":"true", "version":"1691389615967"}}
{"logTime": "0728/103235", "correlationVector":"OLZQIk01ekgehNjVKRN81d.3","action":"GetUpdates", "result":"DeleteReceived", "context":{"id":"658a7407-1a47-4840-83f7-ef93e018f6d8", "isDeleted:":"true", "version":"1691389754016"}}
{"logTime": "0728/103235", "correlationVector":"OLZQIk01ekgehNjVKRN81d.4","action":"GetUpdates", "result":"DeleteReceived", "context":{"id":"dfff077c-cbda-4a06-843d-614da51662d2", "isDeleted:":"true", "version":"1691389760156"}}
{"logTime": "0728/103235", "correlationVector":"OLZQIk01ekgehNjVKRN81d.5","action":"GetUpdates", "result":"DeleteReceived", "context":{"id":"8c225c48-0808-442b-9f84-f4c2d74fce6f", "isDeleted:":"true", "version":"1691389761307"}}
{"logTime": "0728/103235", "correlationVector":"OLZQIk01ekgehNjVKRN81d.6","action":"GetUpdates", "result":"DeleteReceived", "context":{"id":"0647b238-2b03-4649-8e47-55344c077382", "isDeleted:":"true", "version":"1691389762463"}}
{"logTime": "0728/103235", "correlationVector":"OLZQIk01ekgehNjVKRN81d.7","action":"GetUpdates", "result":"DeleteReceived", "context":{"id":"d7d99efe-1ead-4a74-b4e1-8a6f85795f61", "isDeleted:":"true", "version":"1691389762464"}}
{"logTime": "0728/103235", "correlationVector":"OLZQIk01ekgehNjVKRN81d.8","action":"GetUpdates", "result":"DeleteReceived", "context":{"id":"cf7145a2-93a6-41b7-8e9b-81c2ba3150f7", "isDeleted:":"true", "version":"1691389762465"}}
{"logTime": "0728/103235", "correlationVector":"OLZQIk01ekgehNjVKRN81d.9","action":"GetUpdates", "result":"DeleteReceived", "context":{"id":"024cb45c-2bcc-45e6-a4fb-6f470ffb2765", "isDeleted:":"true", "version":"1691389763688"}}
{"logTime": "0728/103235", "correlationVector":"OLZQIk01ekgehNjVKRN81d.10","action":"GetUpdates", "result":"DeleteReceived", "context":{"id":"c0942c84-bba8-4055-abec-91dafba83a4b", "isDeleted:":"true", "version":"1691389764819"}}
{"logTime": "0728/103235", "correlationVector":"OLZQIk01ekgehNjVKRN81d.11","action":"GetUpdates", "result":"DeleteReceived", "context":{"id":"a2afb0ca-4574-45c3-a740-25d2d3c17782", "isDeleted:":"true", "version":"1695203545647"}}
{"logTime": "0728/103235", "correlationVector":"OLZQIk01ekgehNjVKRN81d.12","action":"GetUpdates Response", "result":"Success", "context":Received 250 update(s). cV=OLZQIk01ekgehNjVKRN81d.0;server=general0100000I;cloudType=Consumer;environment=Prod_SoutheastAsia_000j;migrationStage=NotStarted Some updates remain.}
{"logTime": "0728/103235", "correlationVector":"JjPC4by2Ez3U5HRyKzl0Zx","action":"Initial GetUpdates", "result":"", "context":Reason: NEWLY_SUPPORTED_DATATYPE. cV=JjPC4by2Ez3U5HRyKzl0Zx}
{"logTime": "0728/103236", "correlationVector":"JjPC4by2Ez3U5HRyKzl0Zx.1","action":"SyncServerConnectionManagerRequest", "result":"SYNC_SERVER_OK", "context":{"environment":"Prod_SoutheastAsia_000j", "migrationStage":"NotStarted", "server":"general0100000L"}}
{"logTime": "0728/103236", "correlationVector":"JjPC4by2Ez3U5HRyKzl0Zx.2","action":"GetUpdates", "result":"DeleteReceived", "context":{"id":"4200718a-b527-4e6b-93ee-74a8cf30a6cb", "isDeleted:":"true", "version":"1718557739233"}}
{"logTime": "0728/103236", "correlationVector":"JjPC4by2Ez3U5HRyKzl0Zx.3","action":"GetUpdates", "result":"DeleteReceived", "context":{"id":"9315a925-0375-4a53-a58f-1552a80b38bf", "isDeleted:":"true", "version":"1718557739234"}}
{"logTime": "0728/103236", "correlationVector":"JjPC4by2Ez3U5HRyKzl0Zx.4","action":"GetUpdates Response", "result":"Success", "context":Received 106 update(s). cV=JjPC4by2Ez3U5HRyKzl0Zx.0;server=general0100000L;cloudType=Consumer;environment=Prod_SoutheastAsia_000j;migrationStage=NotStarted}
{"logTime": "0728/103236", "correlationVector":"4W6uGIuXe1avKSfyj/tKp6","action":"Normal GetUpdate request", "result":"", "context":cV=4W6uGIuXe1avKSfyj/tKp6
Refresh requested types: Bookmarks, Preferences, Passwords, Autofill Profiles, Autofill, Extensions, Extension settings, Device Info, User Consents, Send Tab To Self, Web Apps, Collection, Edge E Drop, Edge Hub App Usage, Edge Wallet, Encryption Keys}
{"logTime": "0728/103236", "correlationVector":"4W6uGIuXe1avKSfyj/tKp6.1","action":"SyncServerConnectionManagerRequest", "result":"SYNC_SERVER_OK", "context":{"environment":"Prod_SoutheastAsia_000j", "migrationStage":"NotStarted", "server":"general0100001H"}}
{"logTime": "0728/103236", "correlationVector":"4W6uGIuXe1avKSfyj/tKp6.2","action":"GetUpdates Response", "result":"Success", "context":Received 1 update(s). cV=4W6uGIuXe1avKSfyj/tKp6.0;server=general0100001H;cloudType=Consumer;environment=Prod_SoutheastAsia_000j;migrationStage=NotStarted}
