2024-07-28T10:30:14.087Z P:6608 T:4344] SyncServiceImpl::Initialize,SyncState after the account was authenticated: NotSignedIn
2024-07-28T10:30:16.772Z P:6608 T:7772] SyncManagerImpl::ConfigureSyncer,Types to download: Encryption Keys
2024-07-28T10:30:24.170Z P:6608 T:4344] ModelLoadManager::Configure,Desired: Bookmarks, Preferences, Extensions, Extension settings, Device Info, User Consents, Send Tab To Self, Web Apps, Collection, Edge E Drop, Edge Hub App Usage, Edge Wallet, Encryption Keys preferred: Bookmarks, Preferences, Passwords, Autofill Profiles, Autofill, Extensions, Extension settings, Device Info, User Consents, Send Tab To Self, Web Apps, Collection, Edge E Drop, Edge Hub App Usage, Edge Wallet, Encryption Keys
2024-07-28T10:30:24.171Z P:6608 T:4344] ModelLoadManager::LoadDesiredTypes,Desired: Bookmarks, Preferences, Extensions, Extension settings, Device Info, User Consents, Send Tab To Self, Web Apps, Collection, Edge E Drop, Edge Hub App Usage, Edge Wallet
2024-07-28T10:30:24.171Z P:6608 T:4344] ModelLoadManager::ModelLoadCallback,Load Bookmarks: success
2024-07-28T10:30:24.181Z P:6608 T:4344] ModelLoadManager::ModelLoadCallback,Load Preferences: success
2024-07-28T10:30:24.181Z P:6608 T:4344] ModelLoadManager::ModelLoadCallback,Load Extensions: success
2024-07-28T10:30:24.181Z P:6608 T:4344] ModelLoadManager::ModelLoadCallback,Load Device Info: success
2024-07-28T10:30:24.181Z P:6608 T:4344] ModelLoadManager::ModelLoadCallback,Load Extension settings: success
2024-07-28T10:30:24.181Z P:6608 T:4344] ModelLoadManager::ModelLoadCallback,Load User Consents: success
2024-07-28T10:30:24.181Z P:6608 T:4344] ModelLoadManager::ModelLoadCallback,Load Send Tab To Self: success
2024-07-28T10:30:24.181Z P:6608 T:4344] ModelLoadManager::ModelLoadCallback,Load Web Apps: success
2024-07-28T10:30:24.181Z P:6608 T:4344] ModelLoadManager::ModelLoadCallback,Load Collection: success
2024-07-28T10:30:24.181Z P:6608 T:4344] ModelLoadManager::ModelLoadCallback,Load Edge E Drop: success
2024-07-28T10:30:24.181Z P:6608 T:4344] ModelLoadManager::ModelLoadCallback,Load Edge Hub App Usage: success
2024-07-28T10:30:24.181Z P:6608 T:4344] ModelLoadManager::ModelLoadCallback,Load Edge Wallet: success
2024-07-28T10:30:24.181Z P:6608 T:4344] ModelLoadManager::NotifyDelegateIfReadyForConfigure,All data types are ready for configuration
2024-07-28T10:30:24.181Z P:6608 T:4344] DataTypeManagerImpl::OnAllDataTypesReadyForConfigure,All data types are ready for configuration
2024-07-28T10:30:24.181Z P:6608 T:4344] DataTypeManagerImpl::StartNextConfiguration,Size: 4 front: Encryption Keys
2024-07-28T10:30:24.181Z P:6608 T:4344] DataTypeManagerImpl::PrepareConfigureParams,Add types: 
2024-07-28T10:30:25.779Z P:6608 T:6232] SyncManagerImpl::ConfigureSyncer,Types to download: 
2024-07-28T10:30:25.790Z P:6608 T:4344] DataTypeManagerImpl::ConfigurationCompleted,Reconfigure
2024-07-28T10:30:25.790Z P:6608 T:4344] ModelLoadManager::Configure,Desired: Bookmarks, Preferences, Passwords, Autofill Profiles, Autofill, Extensions, Extension settings, Device Info, User Consents, Send Tab To Self, Web Apps, Collection, Edge E Drop, Edge Hub App Usage, Edge Wallet, Encryption Keys preferred: Bookmarks, Preferences, Passwords, Autofill Profiles, Autofill, Extensions, Extension settings, Device Info, User Consents, Send Tab To Self, Web Apps, Collection, Edge E Drop, Edge Hub App Usage, Edge Wallet, Encryption Keys
2024-07-28T10:30:25.790Z P:6608 T:4344] ModelLoadManager::LoadDesiredTypes,Desired: Bookmarks, Preferences, Passwords, Autofill Profiles, Autofill, Extensions, Extension settings, Device Info, User Consents, Send Tab To Self, Web Apps, Collection, Edge E Drop, Edge Hub App Usage, Edge Wallet
2024-07-28T10:30:25.791Z P:6608 T:4344] ModelLoadManager::ModelLoadCallback,Load Passwords: success
2024-07-28T10:30:25.791Z P:6608 T:4344] ModelLoadManager::ModelLoadCallback,Load Autofill Profiles: success
2024-07-28T10:30:25.791Z P:6608 T:4344] ModelLoadManager::ModelLoadCallback,Load Autofill: success
2024-07-28T10:30:25.791Z P:6608 T:4344] ModelLoadManager::NotifyDelegateIfReadyForConfigure,All data types are ready for configuration
2024-07-28T10:30:25.791Z P:6608 T:4344] DataTypeManagerImpl::OnAllDataTypesReadyForConfigure,All data types are ready for configuration
2024-07-28T10:30:25.791Z P:6608 T:4344] DataTypeManagerImpl::StartNextConfiguration,Size: 4 front: Encryption Keys
2024-07-28T10:30:25.791Z P:6608 T:4344] DataTypeManagerImpl::PrepareConfigureParams,Add types: 
2024-07-28T10:30:25.791Z P:6608 T:6232] SyncManagerImpl::ConfigureSyncer,Types to download: 
2024-07-28T10:30:25.791Z P:6608 T:4344] DataTypeManagerImpl::ConfigurationCompleted,Left: 3
2024-07-28T10:30:25.791Z P:6608 T:4344] DataTypeManagerImpl::StartNextConfiguration,Size: 3 front: Preferences, Passwords, Device Info, Send Tab To Self, Edge E Drop
2024-07-28T10:30:25.791Z P:6608 T:4344] DataTypeManagerImpl::PrepareConfigureParams,Add types: Preferences, Passwords, Device Info, Send Tab To Self, Edge E Drop, Encryption Keys
2024-07-28T10:30:25.792Z P:6608 T:6232] SyncManagerImpl::ConfigureSyncer,Types to download: Preferences, Passwords, Device Info, Send Tab To Self, Edge E Drop, Encryption Keys
2024-07-28T10:30:28.073Z P:6608 T:4344] DataTypeManagerImpl::ConfigurationCompleted,Left: 2
2024-07-28T10:30:28.074Z P:6608 T:4344] DataTypeManagerImpl::StartNextConfiguration,Size: 2 front: Bookmarks
2024-07-28T10:30:28.074Z P:6608 T:4344] DataTypeManagerImpl::PrepareConfigureParams,Add types: Bookmarks, Encryption Keys
2024-07-28T10:30:28.074Z P:6608 T:6232] SyncManagerImpl::ConfigureSyncer,Types to download: Bookmarks, Encryption Keys
2024-07-28T10:30:32.040Z P:6608 T:4344] DataTypeManagerImpl::ConfigurationCompleted,Left: 1
2024-07-28T10:30:32.043Z P:6608 T:4344] DataTypeManagerImpl::StartNextConfiguration,Size: 1 front: Autofill Profiles, Autofill, Extensions, Extension settings, User Consents, Web Apps, Collection, Edge Hub App Usage, Edge Wallet
2024-07-28T10:30:32.043Z P:6608 T:4344] DataTypeManagerImpl::PrepareConfigureParams,Add types: Autofill Profiles, Autofill, Extensions, Extension settings, Web Apps, Collection, Edge Hub App Usage, Edge Wallet, Encryption Keys
2024-07-28T10:30:32.043Z P:6608 T:7772] SyncManagerImpl::ConfigureSyncer,Types to download: Autofill Profiles, Autofill, Extensions, Extension settings, Web Apps, Collection, Edge Hub App Usage, Edge Wallet, Encryption Keys
2024-07-28T10:30:32.745Z P:6608 T:4344] DataTypeManagerImpl::ConfigurationCompleted,Left: 0
2024-07-28T10:30:33.835Z P:6608 T:7772] Commit::PostAndProcessResponse,Device Info: Success
2024-07-28T10:30:33.835Z P:6608 T:7772] Commit::PostAndProcessResponse,User Consents: Success
2024-07-28T10:30:35.034Z P:6608 T:7772] Commit::PostAndProcessResponse,Edge Hub App Usage: Success
2024-07-28T10:30:36.424Z P:6608 T:6232] Commit::PostAndProcessResponse,Web Apps: Success
2024-07-28T10:30:36.424Z P:6608 T:6232] Commit::PostAndProcessResponse,Edge Hub App Usage: Success
2024-07-28T10:30:37.796Z P:6608 T:6232] Commit::PostAndProcessResponse,Edge Hub App Usage: Success
2024-07-28T10:32:21.771Z P:11688 T:10528] SyncServiceImpl::Initialize,SyncState after the account was authenticated: FeatureCanStart
2024-07-28T10:32:32.031Z P:11688 T:8768] SyncManagerImpl::ConfigureSyncer,Types to download: Encryption Keys
2024-07-28T10:32:33.154Z P:11688 T:10528] ModelLoadManager::Configure,Desired: Bookmarks, Preferences, Extensions, Extension settings, Device Info, User Consents, Send Tab To Self, Web Apps, Collection, Edge E Drop, Edge Hub App Usage, Edge Wallet, Encryption Keys preferred: Bookmarks, Preferences, Passwords, Autofill Profiles, Autofill, Extensions, Extension settings, Device Info, User Consents, Send Tab To Self, Web Apps, Collection, Edge E Drop, Edge Hub App Usage, Edge Wallet, Encryption Keys
2024-07-28T10:32:33.154Z P:11688 T:10528] ModelLoadManager::LoadDesiredTypes,Desired: Bookmarks, Preferences, Extensions, Extension settings, Device Info, User Consents, Send Tab To Self, Web Apps, Collection, Edge E Drop, Edge Hub App Usage, Edge Wallet
2024-07-28T10:32:33.154Z P:11688 T:10528] ModelLoadManager::ModelLoadCallback,Load Bookmarks: success
2024-07-28T10:32:33.158Z P:11688 T:10528] ModelLoadManager::ModelLoadCallback,Load Preferences: success
2024-07-28T10:32:33.158Z P:11688 T:10528] ModelLoadManager::ModelLoadCallback,Load Extensions: success
2024-07-28T10:32:33.158Z P:11688 T:10528] ModelLoadManager::ModelLoadCallback,Load Device Info: success
2024-07-28T10:32:33.158Z P:11688 T:10528] ModelLoadManager::ModelLoadCallback,Load User Consents: success
2024-07-28T10:32:33.158Z P:11688 T:10528] ModelLoadManager::ModelLoadCallback,Load Send Tab To Self: success
2024-07-28T10:32:33.158Z P:11688 T:10528] ModelLoadManager::ModelLoadCallback,Load Web Apps: success
2024-07-28T10:32:33.158Z P:11688 T:10528] ModelLoadManager::ModelLoadCallback,Load Collection: success
2024-07-28T10:32:33.158Z P:11688 T:10528] ModelLoadManager::ModelLoadCallback,Load Edge E Drop: success
2024-07-28T10:32:33.158Z P:11688 T:10528] ModelLoadManager::ModelLoadCallback,Load Edge Hub App Usage: success
2024-07-28T10:32:33.158Z P:11688 T:10528] ModelLoadManager::ModelLoadCallback,Load Extension settings: success
2024-07-28T10:32:33.158Z P:11688 T:10528] ModelLoadManager::ModelLoadCallback,Load Edge Wallet: success
2024-07-28T10:32:33.158Z P:11688 T:10528] ModelLoadManager::NotifyDelegateIfReadyForConfigure,All data types are ready for configuration
2024-07-28T10:32:33.158Z P:11688 T:10528] DataTypeManagerImpl::OnAllDataTypesReadyForConfigure,All data types are ready for configuration
2024-07-28T10:32:33.158Z P:11688 T:10528] DataTypeManagerImpl::StartNextConfiguration,Size: 4 front: Encryption Keys
2024-07-28T10:32:33.158Z P:11688 T:10528] DataTypeManagerImpl::PrepareConfigureParams,Add types: 
2024-07-28T10:32:34.557Z P:11688 T:11272] SyncManagerImpl::ConfigureSyncer,Types to download: 
2024-07-28T10:32:34.563Z P:11688 T:10528] DataTypeManagerImpl::ConfigurationCompleted,Reconfigure
2024-07-28T10:32:34.563Z P:11688 T:10528] ModelLoadManager::Configure,Desired: Bookmarks, Preferences, Passwords, Autofill Profiles, Autofill, Extensions, Extension settings, Device Info, User Consents, Send Tab To Self, Web Apps, Collection, Edge E Drop, Edge Hub App Usage, Edge Wallet, Encryption Keys preferred: Bookmarks, Preferences, Passwords, Autofill Profiles, Autofill, Extensions, Extension settings, Device Info, User Consents, Send Tab To Self, Web Apps, Collection, Edge E Drop, Edge Hub App Usage, Edge Wallet, Encryption Keys
2024-07-28T10:32:34.563Z P:11688 T:10528] ModelLoadManager::LoadDesiredTypes,Desired: Bookmarks, Preferences, Passwords, Autofill Profiles, Autofill, Extensions, Extension settings, Device Info, User Consents, Send Tab To Self, Web Apps, Collection, Edge E Drop, Edge Hub App Usage, Edge Wallet
2024-07-28T10:32:34.563Z P:11688 T:10528] ModelLoadManager::ModelLoadCallback,Load Autofill Profiles: success
2024-07-28T10:32:34.563Z P:11688 T:10528] ModelLoadManager::ModelLoadCallback,Load Autofill: success
2024-07-28T10:32:34.564Z P:11688 T:10528] ModelLoadManager::ModelLoadCallback,Load Passwords: success
2024-07-28T10:32:34.564Z P:11688 T:10528] ModelLoadManager::NotifyDelegateIfReadyForConfigure,All data types are ready for configuration
2024-07-28T10:32:34.564Z P:11688 T:10528] DataTypeManagerImpl::OnAllDataTypesReadyForConfigure,All data types are ready for configuration
2024-07-28T10:32:34.564Z P:11688 T:10528] DataTypeManagerImpl::StartNextConfiguration,Size: 4 front: Encryption Keys
2024-07-28T10:32:34.564Z P:11688 T:10528] DataTypeManagerImpl::PrepareConfigureParams,Add types: 
2024-07-28T10:32:34.564Z P:11688 T:11272] SyncManagerImpl::ConfigureSyncer,Types to download: 
2024-07-28T10:32:34.564Z P:11688 T:10528] DataTypeManagerImpl::ConfigurationCompleted,Left: 3
2024-07-28T10:32:34.564Z P:11688 T:10528] DataTypeManagerImpl::StartNextConfiguration,Size: 3 front: Preferences, Passwords, Device Info, Send Tab To Self, Edge E Drop
2024-07-28T10:32:34.564Z P:11688 T:10528] DataTypeManagerImpl::PrepareConfigureParams,Add types: Passwords, Encryption Keys
2024-07-28T10:32:34.564Z P:11688 T:11272] SyncManagerImpl::ConfigureSyncer,Types to download: Passwords, Encryption Keys
2024-07-28T10:32:36.033Z P:11688 T:10528] DataTypeManagerImpl::ConfigurationCompleted,Left: 2
2024-07-28T10:32:36.033Z P:11688 T:10528] DataTypeManagerImpl::StartNextConfiguration,Size: 2 front: Bookmarks
2024-07-28T10:32:36.033Z P:11688 T:10528] DataTypeManagerImpl::PrepareConfigureParams,Add types: 
2024-07-28T10:32:36.033Z P:11688 T:11272] SyncManagerImpl::ConfigureSyncer,Types to download: 
2024-07-28T10:32:36.033Z P:11688 T:10528] DataTypeManagerImpl::ConfigurationCompleted,Left: 1
2024-07-28T10:32:36.035Z P:11688 T:10528] DataTypeManagerImpl::StartNextConfiguration,Size: 1 front: Autofill Profiles, Autofill, Extensions, Extension settings, User Consents, Web Apps, Collection, Edge Hub App Usage, Edge Wallet
2024-07-28T10:32:36.035Z P:11688 T:10528] DataTypeManagerImpl::PrepareConfigureParams,Add types: 
2024-07-28T10:32:36.035Z P:11688 T:11272] SyncManagerImpl::ConfigureSyncer,Types to download: 
2024-07-28T10:32:36.036Z P:11688 T:10528] ModelLoadManager::ModelLoadCallback,Load Passwords: failed
2024-07-28T10:32:36.036Z P:11688 T:10528] DataTypeManagerImpl::ConfigurationCompleted,Reconfigure
2024-07-28T10:32:36.036Z P:11688 T:10528] ModelLoadManager::Configure,Desired: Bookmarks, Preferences, Autofill Profiles, Autofill, Extensions, Extension settings, Device Info, User Consents, Send Tab To Self, Web Apps, Collection, Edge E Drop, Edge Hub App Usage, Edge Wallet, Encryption Keys preferred: Bookmarks, Preferences, Passwords, Autofill Profiles, Autofill, Extensions, Extension settings, Device Info, User Consents, Send Tab To Self, Web Apps, Collection, Edge E Drop, Edge Hub App Usage, Edge Wallet, Encryption Keys
2024-07-28T10:32:36.036Z P:11688 T:10528] ModelLoadManager::LoadDesiredTypes,Desired: Bookmarks, Preferences, Autofill Profiles, Autofill, Extensions, Extension settings, Device Info, User Consents, Send Tab To Self, Web Apps, Collection, Edge E Drop, Edge Hub App Usage, Edge Wallet
2024-07-28T10:32:36.036Z P:11688 T:10528] ModelLoadManager::NotifyDelegateIfReadyForConfigure,All data types are ready for configuration
2024-07-28T10:32:36.036Z P:11688 T:10528] DataTypeManagerImpl::OnAllDataTypesReadyForConfigure,All data types are ready for configuration
2024-07-28T10:32:36.036Z P:11688 T:10528] DataTypeManagerImpl::StartNextConfiguration,Size: 4 front: Encryption Keys
2024-07-28T10:32:36.036Z P:11688 T:10528] DataTypeManagerImpl::PrepareConfigureParams,Add types: 
2024-07-28T10:32:36.036Z P:11688 T:11272] SyncManagerImpl::ConfigureSyncer,Types to download: 
2024-07-28T10:32:36.040Z P:11688 T:10528] DataTypeManagerImpl::ConfigurationCompleted,Left: 3
2024-07-28T10:32:36.040Z P:11688 T:10528] DataTypeManagerImpl::StartNextConfiguration,Size: 3 front: Preferences, Device Info, Send Tab To Self, Edge E Drop
2024-07-28T10:32:36.040Z P:11688 T:10528] DataTypeManagerImpl::PrepareConfigureParams,Add types: 
2024-07-28T10:32:36.040Z P:11688 T:11272] SyncManagerImpl::ConfigureSyncer,Types to download: 
2024-07-28T10:32:36.041Z P:11688 T:10528] DataTypeManagerImpl::ConfigurationCompleted,Left: 2
2024-07-28T10:32:36.041Z P:11688 T:10528] DataTypeManagerImpl::StartNextConfiguration,Size: 2 front: Bookmarks
2024-07-28T10:32:36.041Z P:11688 T:10528] DataTypeManagerImpl::PrepareConfigureParams,Add types: 
2024-07-28T10:32:36.041Z P:11688 T:11272] SyncManagerImpl::ConfigureSyncer,Types to download: 
2024-07-28T10:32:36.041Z P:11688 T:10528] DataTypeManagerImpl::ConfigurationCompleted,Left: 1
2024-07-28T10:32:36.042Z P:11688 T:10528] DataTypeManagerImpl::StartNextConfiguration,Size: 1 front: Autofill Profiles, Autofill, Extensions, Extension settings, User Consents, Web Apps, Collection, Edge Hub App Usage, Edge Wallet
2024-07-28T10:32:36.042Z P:11688 T:10528] DataTypeManagerImpl::PrepareConfigureParams,Add types: 
2024-07-28T10:32:36.042Z P:11688 T:11272] SyncManagerImpl::ConfigureSyncer,Types to download: 
2024-07-28T10:32:36.043Z P:11688 T:10528] DataTypeManagerImpl::ConfigurationCompleted,Left: 0
